<?xml version="1.0" encoding="UTF-8"?>
<!-- Generated by org.testng.reporters.JUnitReportReporter -->
<testsuite hostname="DESKTOP-7F43CTE" failures="0" tests="6" name="FirstTestcase.TestcaseOne" time="0.019" errors="0" timestamp="2025-05-10T13:17:37 IST" skipped="0">
  <testcase classname="FirstTestcase.TestcaseOne" name="launchapp" time="0.002"/>
  <testcase classname="FirstTestcase.TestcaseOne" name="launchapp" time="0.008"/>
  <testcase classname="FirstTestcase.TestcaseOne" name="login" time="0.003"/>
  <testcase classname="FirstTestcase.TestcaseOne" name="login" time="0.002"/>
  <testcase classname="FirstTestcase.TestcaseOne" name="logout" time="0.002"/>
  <testcase classname="FirstTestcase.TestcaseOne" name="logout" time="0.002"/>
</testsuite> <!-- FirstTestcase.TestcaseOne -->
