<?xml version="1.0" encoding="UTF-8"?>
<!-- Generated by org.testng.reporters.JUnitReportReporter -->
<testsuite hostname="DESKTOP-7F43CTE" failures="0" tests="4" name="FirstTestcase.OrangeHRMTest2" time="0.057" errors="0" timestamp="2025-05-10T13:22:26 IST" skipped="0">
  <testcase classname="FirstTestcase.OrangeHRMTest2" name="simpleSearch" time="0.025"/>
  <testcase classname="FirstTestcase.OrangeHRMTest2" name="simpleSearch" time="0.012"/>
  <testcase classname="FirstTestcase.OrangeHRMTest2" name="advSearch" time="0.009"/>
  <testcase classname="FirstTestcase.OrangeHRMTest2" name="advSearch" time="0.011"/>
</testsuite> <!-- FirstTestcase.OrangeHRMTest2 -->
