<?xml version="1.0" encoding="UTF-8"?>
<!-- Generated by org.testng.reporters.JUnitReportReporter -->
<testsuite hostname="DESKTOP-7F43CTE" failures="0" tests="5" name="MustKnowConcepts.DependencyMethodsTestNg" time="0.036" errors="0" timestamp="2025-05-11T16:15:23 IST" skipped="0">
  <testcase classname="MustKnowConcepts.DependencyMethodsTestNg" name="openapp" time="0.026"/>
  <testcase classname="MustKnowConcepts.DependencyMethodsTestNg" name="login" time="0.002"/>
  <testcase classname="MustKnowConcepts.DependencyMethodsTestNg" name="simpleSearch" time="0.002"/>
  <testcase classname="MustKnowConcepts.DependencyMethodsTestNg" name="advancedSearch" time="0.003"/>
  <testcase classname="MustKnowConcepts.DependencyMethodsTestNg" name="logout" time="0.003"/>
</testsuite> <!-- MustKnowConcepts.DependencyMethodsTestNg -->
