<?xml version="1.0" encoding="UTF-8"?>
<!-- Generated by org.testng.reporters.JUnitReportReporter -->
<testsuite hostname="DESKTOP-7F43CTE" failures="0" tests="8" name="FirstTestcase.OrangeHRMTest" time="26.925" errors="0" timestamp="2025-05-10T13:16:57 IST" skipped="0">
  <testcase classname="FirstTestcase.OrangeHRMTest" name="applaunch" time="11.176"/>
  <testcase classname="FirstTestcase.OrangeHRMTest" name="applaunch" time="6.826"/>
  <testcase classname="FirstTestcase.OrangeHRMTest" name="testlogo" time="3.061"/>
  <testcase classname="FirstTestcase.OrangeHRMTest" name="testlogo" time="3.101"/>
  <testcase classname="FirstTestcase.OrangeHRMTest" name="login" time="0.253"/>
  <testcase classname="FirstTestcase.OrangeHRMTest" name="login" time="1.612"/>
  <testcase classname="FirstTestcase.OrangeHRMTest" name="logout" time="0.563"/>
  <testcase classname="FirstTestcase.OrangeHRMTest" name="logout" time="0.333"/>
</testsuite> <!-- FirstTestcase.OrangeHRMTest -->
