<?xml version="1.0" encoding="UTF-8"?>
<!-- Generated by org.testng.reporters.JUnitReportReporter -->
<testsuite hostname="DESKTOP-7F43CTE" failures="0" tests="9" name="MustKnowConcepts.ParmTest" time="8.045" errors="0" timestamp="2025-05-11T14:56:29 IST" skipped="0">
  <testcase classname="MustKnowConcepts.ParmTest" name="testlogo" time="2.260"/>
  <testcase classname="MustKnowConcepts.ParmTest" name="testlogo" time="0.672"/>
  <testcase classname="MustKnowConcepts.ParmTest" name="testlogo" time="4.374"/>
  <testcase classname="MustKnowConcepts.ParmTest" name="title" time="0.140"/>
  <testcase classname="MustKnowConcepts.ParmTest" name="title" time="0.039"/>
  <testcase classname="MustKnowConcepts.ParmTest" name="title" time="0.072"/>
  <testcase classname="MustKnowConcepts.ParmTest" name="testURL" time="0.223"/>
  <testcase classname="MustKnowConcepts.ParmTest" name="testURL" time="0.041"/>
  <testcase classname="MustKnowConcepts.ParmTest" name="testURL" time="0.224"/>
</testsuite> <!-- MustKnowConcepts.ParmTest -->
